Generated at 2016-04-17 16:42:33 +0100
Chef::Exceptions::RecipeNotFound: could not find recipe file /home/paul/chef-repo/cookbooks/golang_server
/opt/chefdk/embedded/lib/ruby/gems/2.1.0/gems/chef-12.9.36/lib/chef/run_context.rb:369:in `load_recipe_file'
/opt/chefdk/embedded/lib/ruby/gems/2.1.0/gems/chef-12.9.36/lib/chef/policy_builder/expand_node_object.rb:100:in `block in setup_run_context'
/opt/chefdk/embedded/lib/ruby/gems/2.1.0/gems/chef-12.9.36/lib/chef/policy_builder/expand_node_object.rb:99:in `each'
/opt/chefdk/embedded/lib/ruby/gems/2.1.0/gems/chef-12.9.36/lib/chef/policy_builder/expand_node_object.rb:99:in `setup_run_context'
/opt/chefdk/embedded/lib/ruby/gems/2.1.0/gems/chef-12.9.36/lib/chef/client.rb:508:in `setup_run_context'
/opt/chefdk/embedded/lib/ruby/gems/2.1.0/gems/chef-12.9.36/lib/chef/client.rb:278:in `run'
/opt/chefdk/embedded/lib/ruby/gems/2.1.0/gems/chef-12.9.36/lib/chef/application.rb:285:in `block in fork_chef_client'
/opt/chefdk/embedded/lib/ruby/gems/2.1.0/gems/chef-12.9.36/lib/chef/application.rb:273:in `fork'
/opt/chefdk/embedded/lib/ruby/gems/2.1.0/gems/chef-12.9.36/lib/chef/application.rb:273:in `fork_chef_client'
/opt/chefdk/embedded/lib/ruby/gems/2.1.0/gems/chef-12.9.36/lib/chef/application.rb:238:in `block in run_chef_client'
/opt/chefdk/embedded/lib/ruby/gems/2.1.0/gems/chef-12.9.36/lib/chef/local_mode.rb:44:in `with_server_connectivity'
/opt/chefdk/embedded/lib/ruby/gems/2.1.0/gems/chef-12.9.36/lib/chef/application.rb:226:in `run_chef_client'
/opt/chefdk/embedded/lib/ruby/gems/2.1.0/gems/chef-12.9.36/lib/chef/application/client.rb:456:in `sleep_then_run_chef_client'
/opt/chefdk/embedded/lib/ruby/gems/2.1.0/gems/chef-12.9.36/lib/chef/application/client.rb:443:in `block in interval_run_chef_client'
/opt/chefdk/embedded/lib/ruby/gems/2.1.0/gems/chef-12.9.36/lib/chef/application/client.rb:442:in `loop'
/opt/chefdk/embedded/lib/ruby/gems/2.1.0/gems/chef-12.9.36/lib/chef/application/client.rb:442:in `interval_run_chef_client'
/opt/chefdk/embedded/lib/ruby/gems/2.1.0/gems/chef-12.9.36/lib/chef/application/client.rb:426:in `run_application'
/opt/chefdk/embedded/lib/ruby/gems/2.1.0/gems/chef-12.9.36/lib/chef/application.rb:58:in `run'
/opt/chefdk/embedded/lib/ruby/gems/2.1.0/gems/chef-12.9.36/bin/chef-client:26:in `<top (required)>'
/usr/bin/chef-client:51:in `load'
/usr/bin/chef-client:51:in `<main>'